The system is: Windows - 10.0.22621 - AMD64
Compiling the C compiler identification source file "CMakeCCompilerId.c" succeeded.
Compiler: cl.exe 
Build flags: 
Id flags:  

The output was:
0
MSBuild version 17.6.3+07e294721 for .NET Framework
Build started 29/08/2023 12:49:08.

Project "C:\Users\tc\Programming\Cpp\CppCourses\output\cpp-hs\public\code\out\build\Visual Studio 2022\CMakeFiles\3.21.4\CompilerIdC\CompilerIdC.vcxproj" on node 1 (default targets).
PrepareForBuild:
  Creating directory "Debug\".
  Creating directory "Debug\CompilerIdC.tlog\".
InitializeBuildStatus:
  Creating "Debug\CompilerIdC.tlog\unsuccessfulbuild" because "AlwaysCreate" was specified.
VcpkgTripletSelection:
  Using triplet "x64-windows" from "C:\Users\tc\Programming\Cpp\Packages\vcpkg\installed\x64-windows\"
ClCompile:
  C:\Program Files\Microsoft Visual Studio\2022\Community\VC\Tools\MSVC\14.36.32532\bin\HostX86\x64\CL.exe /c /I"C:\Users\tc\Programming\Cpp\Packages\vcpkg\installed\x64-windows\include" /nologo /W0 /WX- /diagnostics:column /Od /D _MBCS /Gm- /EHsc /RTC1 /MDd /GS /fp:precise /Zc:wchar_t /Zc:forScope /Zc:inline /Fo"Debug\\" /Fd"Debug\vc143.pdb" /external:W0 /Gd /TC /FC /errorReport:queue CMakeCCompilerId.c
  CMakeCCompilerId.c
Link:
  C:\Program Files\Microsoft Visual Studio\2022\Community\VC\Tools\MSVC\14.36.32532\bin\HostX86\x64\link.exe /ERRORREPORT:QUEUE /OUT:".\CompilerIdC.exe" /INCREMENTAL:NO /NOLOGO /LIBPATH:"C:\Users\tc\Programming\Cpp\Packages\vcpkg\installed\x64-windows\debug\lib" /LIBPATH:"C:\Users\tc\Programming\Cpp\Packages\vcpkg\installed\x64-windows\debug\lib\manual-link" kernel32.lib user32.lib gdi32.lib winspool.lib comdlg32.lib advapi32.lib shell32.lib ole32.lib oleaut32.lib uuid.lib odbc32.lib odbccp32.lib "C:\Users\tc\Programming\Cpp\Packages\vcpkg\installed\x64-windows\debug\lib\*.lib" /MANIFEST /MANIFESTUAC:"level='asInvoker' uiAccess='false'" /manifest:embed /PDB:".\CompilerIdC.pdb" /SUBSYSTEM:CONSOLE /TLBID:1 /DYNAMICBASE /NXCOMPAT /IMPLIB:".\CompilerIdC.lib" /MACHINE:X64 Debug\CMakeCCompilerId.obj
  CompilerIdC.vcxproj -> C:\Users\tc\Programming\Cpp\CppCourses\output\cpp-hs\public\code\out\build\Visual Studio 2022\CMakeFiles\3.21.4\CompilerIdC\CompilerIdC.exe
AppLocalFromInstalled:
  pwsh.exe -ExecutionPolicy Bypass -noprofile -File "C:\Users\tc\Programming\Cpp\Packages\vcpkg\scripts\buildsystems\msbuild\applocal.ps1" "C:\Users\tc\Programming\Cpp\CppCourses\output\cpp-hs\public\code\out\build\Visual Studio 2022\CMakeFiles\3.21.4\CompilerIdC\CompilerIdC.exe" "C:\Users\tc\Programming\Cpp\Packages\vcpkg\installed\x64-windows\debug\bin" "Debug\CompilerIdC.tlog\CompilerIdC.write.1u.tlog" "Debug\vcpkg.applocal.log"
PostBuildEvent:
  for %%i in (cl.exe) do @echo CMAKE_C_COMPILER=%%~$PATH:i
  :VCEnd
  CMAKE_C_COMPILER=C:\Program Files\Microsoft Visual Studio\2022\Community\VC\Tools\MSVC\14.36.32532\bin\Hostx86\x64\cl.exe
FinalizeBuildStatus:
  Deleting file "Debug\CompilerIdC.tlog\unsuccessfulbuild".
  Touching "Debug\CompilerIdC.tlog\CompilerIdC.lastbuildstate".
Done Building Project "C:\Users\tc\Programming\Cpp\CppCourses\output\cpp-hs\public\code\out\build\Visual Studio 2022\CMakeFiles\3.21.4\CompilerIdC\CompilerIdC.vcxproj" (default targets).

Build succeeded.
    0 Warning(s)
    0 Error(s)

Time Elapsed 00:00:01.79


Compilation of the C compiler identification source "CMakeCCompilerId.c" produced "CompilerIdC.exe"

Compilation of the C compiler identification source "CMakeCCompilerId.c" produced "CompilerIdC.vcxproj"

The C compiler identification is MSVC, found in "C:/Users/tc/Programming/Cpp/CppCourses/output/cpp-hs/public/code/out/build/Visual Studio 2022/CMakeFiles/3.21.4/CompilerIdC/CompilerIdC.exe"

Compiling the CXX compiler identification source file "CMakeCXXCompilerId.cpp" succeeded.
Compiler: cl.exe 
Build flags: 
Id flags:  

The output was:
0
MSBuild version 17.6.3+07e294721 for .NET Framework
Build started 29/08/2023 12:49:10.

Project "C:\Users\tc\Programming\Cpp\CppCourses\output\cpp-hs\public\code\out\build\Visual Studio 2022\CMakeFiles\3.21.4\CompilerIdCXX\CompilerIdCXX.vcxproj" on node 1 (default targets).
PrepareForBuild:
  Creating directory "Debug\".
  Creating directory "Debug\CompilerIdCXX.tlog\".
InitializeBuildStatus:
  Creating "Debug\CompilerIdCXX.tlog\unsuccessfulbuild" because "AlwaysCreate" was specified.
VcpkgTripletSelection:
  Using triplet "x64-windows" from "C:\Users\tc\Programming\Cpp\Packages\vcpkg\installed\x64-windows\"
ClCompile:
  C:\Program Files\Microsoft Visual Studio\2022\Community\VC\Tools\MSVC\14.36.32532\bin\HostX86\x64\CL.exe /c /I"C:\Users\tc\Programming\Cpp\Packages\vcpkg\installed\x64-windows\include" /nologo /W0 /WX- /diagnostics:column /Od /D _MBCS /Gm- /EHsc /RTC1 /MDd /GS /fp:precise /Zc:wchar_t /Zc:forScope /Zc:inline /Fo"Debug\\" /Fd"Debug\vc143.pdb" /external:W0 /Gd /TP /FC /errorReport:queue CMakeCXXCompilerId.cpp
  CMakeCXXCompilerId.cpp
Link:
  C:\Program Files\Microsoft Visual Studio\2022\Community\VC\Tools\MSVC\14.36.32532\bin\HostX86\x64\link.exe /ERRORREPORT:QUEUE /OUT:".\CompilerIdCXX.exe" /INCREMENTAL:NO /NOLOGO /LIBPATH:"C:\Users\tc\Programming\Cpp\Packages\vcpkg\installed\x64-windows\debug\lib" /LIBPATH:"C:\Users\tc\Programming\Cpp\Packages\vcpkg\installed\x64-windows\debug\lib\manual-link" kernel32.lib user32.lib gdi32.lib winspool.lib comdlg32.lib advapi32.lib shell32.lib ole32.lib oleaut32.lib uuid.lib odbc32.lib odbccp32.lib "C:\Users\tc\Programming\Cpp\Packages\vcpkg\installed\x64-windows\debug\lib\*.lib" /MANIFEST /MANIFESTUAC:"level='asInvoker' uiAccess='false'" /manifest:embed /PDB:".\CompilerIdCXX.pdb" /SUBSYSTEM:CONSOLE /TLBID:1 /DYNAMICBASE /NXCOMPAT /IMPLIB:".\CompilerIdCXX.lib" /MACHINE:X64 Debug\CMakeCXXCompilerId.obj
  CompilerIdCXX.vcxproj -> C:\Users\tc\Programming\Cpp\CppCourses\output\cpp-hs\public\code\out\build\Visual Studio 2022\CMakeFiles\3.21.4\CompilerIdCXX\CompilerIdCXX.exe
AppLocalFromInstalled:
  pwsh.exe -ExecutionPolicy Bypass -noprofile -File "C:\Users\tc\Programming\Cpp\Packages\vcpkg\scripts\buildsystems\msbuild\applocal.ps1" "C:\Users\tc\Programming\Cpp\CppCourses\output\cpp-hs\public\code\out\build\Visual Studio 2022\CMakeFiles\3.21.4\CompilerIdCXX\CompilerIdCXX.exe" "C:\Users\tc\Programming\Cpp\Packages\vcpkg\installed\x64-windows\debug\bin" "Debug\CompilerIdCXX.tlog\CompilerIdCXX.write.1u.tlog" "Debug\vcpkg.applocal.log"
PostBuildEvent:
  for %%i in (cl.exe) do @echo CMAKE_CXX_COMPILER=%%~$PATH:i
  :VCEnd
  CMAKE_CXX_COMPILER=C:\Program Files\Microsoft Visual Studio\2022\Community\VC\Tools\MSVC\14.36.32532\bin\Hostx86\x64\cl.exe
FinalizeBuildStatus:
  Deleting file "Debug\CompilerIdCXX.tlog\unsuccessfulbuild".
  Touching "Debug\CompilerIdCXX.tlog\CompilerIdCXX.lastbuildstate".
Done Building Project "C:\Users\tc\Programming\Cpp\CppCourses\output\cpp-hs\public\code\out\build\Visual Studio 2022\CMakeFiles\3.21.4\CompilerIdCXX\CompilerIdCXX.vcxproj" (default targets).

Build succeeded.
    0 Warning(s)
    0 Error(s)

Time Elapsed 00:00:01.18


Compilation of the CXX compiler identification source "CMakeCXXCompilerId.cpp" produced "CompilerIdCXX.exe"

Compilation of the CXX compiler identification source "CMakeCXXCompilerId.cpp" produced "CompilerIdCXX.vcxproj"

The CXX compiler identification is MSVC, found in "C:/Users/tc/Programming/Cpp/CppCourses/output/cpp-hs/public/code/out/build/Visual Studio 2022/CMakeFiles/3.21.4/CompilerIdCXX/CompilerIdCXX.exe"

Detecting C compiler ABI info compiled with the following output:
Change Dir: C:/Users/tc/Programming/Cpp/CppCourses/output/cpp-hs/public/code/out/build/Visual Studio 2022/CMakeFiles/CMakeTmp

Run Build Command(s):C:/Program Files/Microsoft Visual Studio/2022/Community/MSBuild/Current/Bin/amd64/MSBuild.exe cmTC_7db24.vcxproj /p:Configuration=Debug /p:Platform=x64 /p:VisualStudioVersion=17.0 /v:m && MSBuild version 17.6.3+07e294721 for .NET Framework

  Microsoft (R) C/C++ Optimizing Compiler Version 19.36.32535 for x64
  CMakeCCompilerABI.c
  Copyright (C) Microsoft Corporation.  All rights reserved.
  cl /c /I"C:\Users\tc\Programming\Cpp\Packages\vcpkg\installed\x64-windows\include" /Zi /W1 /WX- /diagnostics:column /Od /Ob0 /D _MBCS /D WIN32 /D _WINDOWS /D "CMAKE_INTDIR=\"Debug\"" /Gm- /RTC1 /MDd /GS /fp:precise /Zc:wchar_t /Zc:forScope /Zc:inline /Fo"cmTC_7db24.dir\Debug\\" /Fd"cmTC_7db24.dir\Debug\vc143.pdb" /external:W1 /Gd /TC /errorReport:queue "C:\Program Files\CMake\share\cmake-3.21\Modules\CMakeCCompilerABI.c"
  cmTC_7db24.vcxproj -> C:\Users\tc\Programming\Cpp\CppCourses\output\cpp-hs\public\code\out\build\Visual Studio 2022\CMakeFiles\CMakeTmp\Debug\cmTC_7db24.exe



Detecting CXX compiler ABI info compiled with the following output:
Change Dir: C:/Users/tc/Programming/Cpp/CppCourses/output/cpp-hs/public/code/out/build/Visual Studio 2022/CMakeFiles/CMakeTmp

Run Build Command(s):C:/Program Files/Microsoft Visual Studio/2022/Community/MSBuild/Current/Bin/amd64/MSBuild.exe cmTC_4c0df.vcxproj /p:Configuration=Debug /p:Platform=x64 /p:VisualStudioVersion=17.0 /v:m && MSBuild version 17.6.3+07e294721 for .NET Framework

  Microsoft (R) C/C++ Optimizing Compiler Version 19.36.32535 for x64
  CMakeCXXCompilerABI.cpp
  Copyright (C) Microsoft Corporation.  All rights reserved.
  cl /c /I"C:\Users\tc\Programming\Cpp\Packages\vcpkg\installed\x64-windows\include" /Zi /W1 /WX- /diagnostics:column /Od /Ob0 /D _MBCS /D WIN32 /D _WINDOWS /D "CMAKE_INTDIR=\"Debug\"" /Gm- /EHsc /RTC1 /MDd /GS /fp:precise /Zc:wchar_t /Zc:forScope /Zc:inline /Fo"cmTC_4c0df.dir\Debug\\" /Fd"cmTC_4c0df.dir\Debug\vc143.pdb" /external:W1 /Gd /TP /errorReport:queue "C:\Program Files\CMake\share\cmake-3.21\Modules\CMakeCXXCompilerABI.cpp"
  cmTC_4c0df.vcxproj -> C:\Users\tc\Programming\Cpp\CppCourses\output\cpp-hs\public\code\out\build\Visual Studio 2022\CMakeFiles\CMakeTmp\Debug\cmTC_4c0df.exe



